<?xml version='1.0' encoding='UTF-8'?>
<testsuite hostname="Macieks" name="pl.emmajk.OpnExpressionEvaluatorTest" tests="1" errors="0" failures="0" skipped="0" time="0.046" timestamp="2024-06-28T12:18:47">
          <properties>
      <property name="awt.toolkit" value="sun.awt.windows.WToolkit"/><property name="java.specification.version" value="11"/><property name="sun.cpu.isalist" value="amd64"/><property name="sun.jnu.encoding" value="Cp1250"/><property name="sun.arch.data.model" value="64"/><property name="java.vendor.url" value="http://java.oracle.com/"/><property name="jline.terminal" value="unix"/><property name="sun.boot.library.path" value="C:\Program Files\Java\jdk-11\bin"/><property name="sun.java.command" value="C:\Program Files (x86)\sbt\bin\sbt-launch.jar test"/><property name="jdk.debug" value="release"/><property name="sun.stderr.encoding" value="cp852"/><property name="java.specification.vendor" value="Oracle Corporation"/><property name="java.version.date" value="2018-09-25"/><property name="java.home" value="C:\Program Files\Java\jdk-11"/><property name="file.separator" value="\"/><property name="java.vm.compressedOopsMode" value="32-bit"/><property name="line.separator" value="
"/><property name="sun.stdout.encoding" value="cp852"/><property name="java.specification.name" value="Java Platform API Specification"/><property name="java.vm.specification.vendor" value="Oracle Corporation"/><property name="user.script" value=""/><property name="sun.management.compiler" value="HotSpot 64-Bit Tiered Compilers"/><property name="java.runtime.version" value="11+28"/><property name="user.name" value="macie"/><property name="log4j.ignoreTCL" value="true"/><property name="file.encoding" value="UTF-8"/><property name="jnidispatch.path" value="C:\Users\macie\AppData\Local\Temp\jna-103652011\jna6529022302790882831.dll"/><property name="java.vendor.version" value="18.9"/><property name="jna.loaded" value="true"/><property name="java.io.tmpdir" value="C:\Users\macie\AppData\Local\Temp\"/><property name="java.version" value="11"/><property name="java.vm.specification.name" value="Java Virtual Machine Specification"/><property name="java.awt.printerjob" value="sun.awt.windows.WPrinterJob"/><property name="sun.os.patch.level" value=""/><property name="java.library.path" value="C:\Program Files\Java\jdk-11\bin;C:\WINDOWS\Sun\Java\bin;C:\WINDOWS\system32;C:\WINDOWS;C:\Program Files\Git\mingw64\bin;C:\Program Files\Git\usr\bin;C:\Users\macie\bin;C:\WINDOWS\system32;C:\WINDOWS;C:\WINDOWS\System32\Wbem;C:\WINDOWS\System32\WindowsPowerShell\v1.0;C:\WINDOWS\System32\OpenSSH;C:\Program Files\dotnet;C:\Program Files\Git\cmd;C:\Program Files\Docker\Docker\resources\bin;C:\Program Files (x86)\sbt\bin;C:\Program Files\Java\jdk-11\bin;C:\Users\macie\.cargo\bin;C:\Users\macie\AppData\Local\Microsoft\WindowsApps;C:\Users\macie\AppData\Local\JetBrains\Toolbox\scripts;."/><property name="java.vendor" value="Oracle Corporation"/><property name="scala.ext.dirs" value="C:\Users\macie\.sbt\1.0\java9-rt-ext-oracle_corporation_11"/><property name="sun.io.unicode.encoding" value="UnicodeLittle"/><property name="sun.desktop" value="windows"/><property name="java.class.path" value="C:\Program Files (x86)\sbt\bin\sbt-launch.jar"/><property name="java.vm.vendor" value="Oracle Corporation"/><property name="user.variant" value=""/><property name="jline.shutdownhook" value="false"/><property name="user.timezone" value="Europe/Belgrade"/><property name="os.name" value="Windows 10"/><property name="java.vm.specification.version" value="11"/><property name="sun.java.launcher" value="SUN_STANDARD"/><property name="user.country" value="PL"/><property name="sun.cpu.endian" value="little"/><property name="user.home" value="C:\Users\macie"/><property name="user.language" value="pl"/><property name="sbt.script" value="C:/Program%20Files%20(x86)/sbt/bin/sbt"/><property name="sbt.ipcsocket.tmpdir" value="C:\Users\macie\AppData\Local\Temp\.sbtc5f7c8e5\ipcsocket"/><property name="swoval.tmpdir" value="C:\Users\macie\AppData\Local\Temp\.sbtc5f7c8e5\swoval"/><property name="java.awt.graphicsenv" value="sun.awt.Win32GraphicsEnvironment"/><property name="jline.esc.timeout" value="0"/><property name="path.separator" value=";"/><property name="os.version" value="10.0"/><property name="jna.nosys" value="true"/><property name="java.runtime.name" value="OpenJDK Runtime Environment"/><property name="java.vm.name" value="OpenJDK 64-Bit Server VM"/><property name="java.vendor.url.bug" value="http://bugreport.java.com/bugreport/"/><property name="user.dir" value="C:\Users\macie\IdeaProjects\opn-calculator-4s"/><property name="os.arch" value="amd64"/><property name="java.vm.info" value="mixed mode"/><property name="sbt.cygwin" value="true"/><property name="java.vm.version" value="11+28"/><property name="java.class.version" value="55.0"/>
    </properties>
          <testcase classname="pl.emmajk.OpnExpressionEvaluatorTest" name="evaluating opn string should return expected result" time="0.046">
                      
                    </testcase>
          <system-out><![CDATA[]]></system-out>
          <system-err><![CDATA[]]></system-err>
        </testsuite>